<?xml version="1.0" encoding="UTF-8"?>
<!-- Generated by org.testng.reporters.JUnitReportReporter -->
<testsuite skipped="0" hostname="DESKTOP-CG9G5TL" name="com.testNg.demo.TestMethos" tests="3" failures="0" timestamp="2019-11-19T22:19:52 IST" time="0.036" errors="0">
  <testcase name="test2" time="0.020" classname="com.testNg.demo.TestMethos"/>
  <testcase name="test3" time="0.008" classname="com.testNg.demo.TestMethos"/>
  <testcase name="test1" time="0.008" classname="com.testNg.demo.TestMethos"/>
</testsuite> <!-- com.testNg.demo.TestMethos -->
