<?xml version="1.0" encoding="UTF-8"?>
<!-- Generated by org.testng.reporters.JUnitReportReporter -->
<testsuite skipped="0" hostname="DESKTOP-CG9G5TL" name="com.testNg.demo.TestClass" tests="3" failures="0" timestamp="2019-11-19T23:22:35 IST" time="0.560" errors="0">
  <testcase name="test2" time="0.002" classname="com.testNg.demo.TestClass"/>
  <testcase name="test1" time="0.556" classname="com.testNg.demo.TestClass"/>
  <testcase name="test3" time="0.002" classname="com.testNg.demo.TestClass"/>
</testsuite> <!-- com.testNg.demo.TestClass -->
