<?xml version="1.0" encoding="UTF-8"?>
<!-- Generated by org.testng.reporters.JUnitReportReporter -->
<testsuite skipped="0" hostname="DESKTOP-CG9G5TL" name="com.testNg.demo.TestNgDemo" tests="1" failures="0" timestamp="2019-11-19T21:48:27 IST" time="0.008" errors="0">
  <testcase name="test" time="0.008" classname="com.testNg.demo.TestNgDemo"/>
</testsuite> <!-- com.testNg.demo.TestNgDemo -->
